
> eventgraph-website@0.1.0 dev
> next dev

▲ Next.js 16.1.6 (Turbopack)
- Local:         http://localhost:3000
- Network:       http://192.168.0.103:3000

✓ Starting...
✓ Ready in 768ms
 GET / 200 in 548ms (compile: 349ms, render: 200ms)
✓ Compiled in 405ms
✓ Compiled in 49ms
✓ Compiled in 29ms
✓ Compiled in 24ms
 GET / 200 in 202ms (compile: 71ms, render: 131ms)
✓ Compiled in 82ms
✓ Compiled in 53ms
 GET / 200 in 108ms (compile: 22ms, render: 86ms)
 GET / 200 in 101ms (compile: 73ms, render: 27ms)
 GET / 200 in 52ms (compile: 31ms, render: 21ms)
 GET / 200 in 32ms (compile: 20ms, render: 12ms)
 GET / 200 in 60ms (compile: 26ms, render: 34ms)
 GET / 200 in 32ms (compile: 17ms, render: 15ms)
 GET / 200 in 183ms (compile: 8ms, render: 175ms)
 GET / 200 in 108ms (compile: 16ms, render: 93ms)
✓ Compiled in 145ms
✓ Compiled in 36ms
✓ Compiled in 32ms
✓ Compiled in 86ms
 GET / 200 in 123ms (compile: 78ms, render: 45ms)
 GET / 200 in 26ms (compile: 2ms, render: 24ms)
 GET /pricing 200 in 157ms (compile: 130ms, render: 27ms)
 GET /pricing 200 in 38ms (compile: 4ms, render: 34ms)
 GET /api 200 in 78ms (compile: 64ms, render: 14ms)
 GET /terminal 200 in 73ms (compile: 59ms, render: 14ms)
 GET /product 200 in 67ms (compile: 54ms, render: 12ms)
 GET /terminal 200 in 35ms (compile: 7ms, render: 27ms)
 GET /api 200 in 37ms (compile: 7ms, render: 30ms)
 GET / 200 in 26ms (compile: 9ms, render: 17ms)
